<?xml version="1.0" encoding="UTF-8"?>
<!-- Generated by org.testng.reporters.JUnitReportReporter -->
<testsuite skipped="0" hostname="LAPTOP-TVJ0FV6G" name="selenium2.Using_depends_on_method" tests="3" failures="0" timestamp="2023-12-13T16:24:13 IST" time="36.711" errors="0">
  <testcase name="re" time="19.525" classname="selenium2.Using_depends_on_method"/>
  <system-out/>
  <testcase name="yezdi" time="9.789" classname="selenium2.Using_depends_on_method"/>
  <system-out/>
  <testcase name="ktm" time="7.397" classname="selenium2.Using_depends_on_method"/>
  <system-out/>
</testsuite> <!-- selenium2.Using_depends_on_method -->
