<?xml version="1.0" encoding="UTF-8"?>
<!-- Generated by org.testng.reporters.JUnitReportReporter -->
<testsuite skipped="0" hostname="LAPTOP-TVJ0FV6G" name="testNgBatchExecution.BMW" tests="2" failures="0" timestamp="2023-06-29T12:07:39 IST" time="10.049" errors="0">
  <testcase name="rrS1000" time="5.012" classname="testNgBatchExecution.BMW"/>
  <system-out/>
  <testcase name="rrS1000" time="5.037" classname="testNgBatchExecution.BMW"/>
  <system-out/>
</testsuite> <!-- testNgBatchExecution.BMW -->
