<?xml version="1.0" encoding="UTF-8"?>
<!-- Generated by org.testng.reporters.JUnitReportReporter -->
<testsuite skipped="0" hostname="LAPTOP-TVJ0FV6G" name="testNgBatchExecutionInMultipleBrowsersInParallel.Toyota" tests="2" failures="0" timestamp="2023-06-29T14:58:30 IST" time="40.471" errors="0">
  <testcase name="fortuner" time="18.995" classname="testNgBatchExecutionInMultipleBrowsersInParallel.Toyota"/>
  <system-out/>
  <testcase name="fortuner" time="21.476" classname="testNgBatchExecutionInMultipleBrowsersInParallel.Toyota"/>
  <system-out/>
</testsuite> <!-- testNgBatchExecutionInMultipleBrowsersInParallel.Toyota -->
