<?xml version="1.0" encoding="UTF-8"?>
<!-- Generated by org.testng.reporters.JUnitReportReporter -->
<testsuite skipped="0" hostname="LAPTOP-TVJ0FV6G" name="testNgBatchExecution.KTM" tests="2" failures="0" timestamp="2023-06-29T12:07:39 IST" time="25.642" errors="0">
  <testcase name="ktm" time="11.907" classname="testNgBatchExecution.KTM"/>
  <system-out/>
  <testcase name="ktm" time="13.735" classname="testNgBatchExecution.KTM"/>
  <system-out/>
</testsuite> <!-- testNgBatchExecution.KTM -->
