<?xml version="1.0" encoding="UTF-8"?>
<!-- Generated by org.testng.reporters.JUnitReportReporter -->
<testsuite skipped="0" hostname="LAPTOP-TVJ0FV6G" name="testNgBatchExecutionInMultipleBrowsersInParallel.Ford" tests="2" failures="0" timestamp="2023-06-29T14:58:30 IST" time="16.416" errors="0">
  <testcase name="mustang" time="8.714" classname="testNgBatchExecutionInMultipleBrowsersInParallel.Ford"/>
  <system-out/>
  <testcase name="mustang" time="7.702" classname="testNgBatchExecutionInMultipleBrowsersInParallel.Ford"/>
  <system-out/>
</testsuite> <!-- testNgBatchExecutionInMultipleBrowsersInParallel.Ford -->
