<?xml version="1.0" encoding="UTF-8"?>
<!-- Generated by org.testng.reporters.JUnitReportReporter -->
<testsuite skipped="0" hostname="LAPTOP-TVJ0FV6G" name="testNgGroupExecution.BmwGs1250" tests="1" failures="0" timestamp="2023-06-29T15:09:23 IST" time="4.225" errors="0">
  <testcase name="gs1250ADV" time="4.225" classname="testNgGroupExecution.BmwGs1250"/>
  <system-out/>
</testsuite> <!-- testNgGroupExecution.BmwGs1250 -->
