<?xml version="1.0" encoding="UTF-8"?>
<!-- Generated by org.testng.reporters.JUnitReportReporter -->
<testsuite skipped="0" hostname="LAPTOP-TVJ0FV6G" name="testNG2.Batch2_MarutiSuzuki" tests="2" failures="0" timestamp="2024-03-05T11:48:59 IST" time="86.983" errors="0">
  <testcase name="swift" time="42.617" classname="testNG2.Batch2_MarutiSuzuki"/>
  <system-out/>
  <testcase name="swift" time="44.366" classname="testNG2.Batch2_MarutiSuzuki"/>
  <system-out/>
</testsuite> <!-- testNG2.Batch2_MarutiSuzuki -->
