<?xml version="1.0" encoding="UTF-8"?>
<!-- Generated by org.testng.reporters.JUnitReportReporter -->
<testsuite skipped="0" hostname="LAPTOP-TVJ0FV6G" name="testNgGroupExecution.RoyalEnfiledHimalayan" tests="1" failures="0" timestamp="2023-06-29T15:09:23 IST" time="8.754" errors="0">
  <testcase name="himalayan" time="8.754" classname="testNgGroupExecution.RoyalEnfiledHimalayan"/>
  <system-out/>
</testsuite> <!-- testNgGroupExecution.RoyalEnfiledHimalayan -->
