<?xml version="1.0" encoding="UTF-8"?>
<!-- Generated by org.testng.reporters.JUnitReportReporter -->
<testsuite skipped="0" hostname="LAPTOP-TVJ0FV6G" name="testNgGroupExecution.YamahaMT" tests="1" failures="0" timestamp="2023-06-29T15:09:23 IST" time="13.221" errors="0">
  <testcase name="mt15" time="13.221" classname="testNgGroupExecution.YamahaMT"/>
  <system-out/>
</testsuite> <!-- testNgGroupExecution.YamahaMT -->
