<?xml version="1.0" encoding="UTF-8"?>
<!-- Generated by org.testng.reporters.JUnitReportReporter -->
<testsuite skipped="0" hostname="LAPTOP-TVJ0FV6G" name="testNG2.Batch2_Hyundai" tests="2" failures="0" timestamp="2024-03-05T11:48:59 IST" time="105.209" errors="0">
  <testcase name="verna" time="47.364" classname="testNG2.Batch2_Hyundai"/>
  <system-out/>
  <testcase name="verna" time="57.845" classname="testNG2.Batch2_Hyundai"/>
  <system-out/>
</testsuite> <!-- testNG2.Batch2_Hyundai -->
