<?xml version="1.0" encoding="UTF-8"?>
<!-- Generated by org.testng.reporters.JUnitReportReporter -->
<testsuite skipped="0" hostname="LAPTOP-TVJ0FV6G" name="testNgBatchExecution.Yamaha" tests="1" failures="0" timestamp="2023-06-29T15:15:02 IST" time="11.950" errors="0">
  <testcase name="mt" time="11.950" classname="testNgBatchExecution.Yamaha"/>
  <system-out/>
</testsuite> <!-- testNgBatchExecution.Yamaha -->
