<?xml version="1.0" encoding="UTF-8"?>
<!-- Generated by org.testng.reporters.JUnitReportReporter -->
<testsuite skipped="0" hostname="LAPTOP-TVJ0FV6G" name="dataDrivenTesting.ToReadMultipleDataFromExcel" tests="10" failures="0" timestamp="2023-03-02T12:52:28 IST" time="148.581" errors="0">
  <testcase name="franchises" time="9.682" classname="dataDrivenTesting.ToReadMultipleDataFromExcel"/>
  <system-out/>
  <testcase name="franchises" time="16.092" classname="dataDrivenTesting.ToReadMultipleDataFromExcel"/>
  <system-out/>
  <testcase name="franchises" time="57.407" classname="dataDrivenTesting.ToReadMultipleDataFromExcel"/>
  <system-out/>
  <testcase name="franchises" time="3.857" classname="dataDrivenTesting.ToReadMultipleDataFromExcel"/>
  <system-out/>
  <testcase name="franchises" time="10.497" classname="dataDrivenTesting.ToReadMultipleDataFromExcel"/>
  <system-out/>
  <testcase name="franchises" time="14.130" classname="dataDrivenTesting.ToReadMultipleDataFromExcel"/>
  <system-out/>
  <testcase name="franchises" time="7.292" classname="dataDrivenTesting.ToReadMultipleDataFromExcel"/>
  <system-out/>
  <testcase name="franchises" time="6.171" classname="dataDrivenTesting.ToReadMultipleDataFromExcel"/>
  <system-out/>
  <testcase name="franchises" time="19.132" classname="dataDrivenTesting.ToReadMultipleDataFromExcel"/>
  <system-out/>
  <testcase name="franchises" time="4.321" classname="dataDrivenTesting.ToReadMultipleDataFromExcel"/>
  <system-out/>
</testsuite> <!-- dataDrivenTesting.ToReadMultipleDataFromExcel -->
