<?xml version="1.0" encoding="UTF-8"?>
<!-- Generated by org.testng.reporters.JUnitReportReporter -->
<testsuite skipped="0" hostname="LAPTOP-TVJ0FV6G" name="testNG2.Batch_exe_KTM" tests="1" failures="0" timestamp="2023-12-14T12:10:10 IST" time="4.447" errors="0">
  <testcase name="ktm" time="4.447" classname="testNG2.Batch_exe_KTM"/>
  <system-out/>
</testsuite> <!-- testNG2.Batch_exe_KTM -->
