<?xml version="1.0" encoding="UTF-8"?>
<!-- Generated by org.testng.reporters.JUnitReportReporter -->
<testsuite skipped="0" hostname="LAPTOP-TVJ0FV6G" name="testNG2.Batch2_KIA" tests="2" failures="0" timestamp="2024-03-05T11:48:59 IST" time="88.693" errors="0">
  <testcase name="seltos" time="46.038" classname="testNG2.Batch2_KIA"/>
  <system-out/>
  <testcase name="seltos" time="42.655" classname="testNG2.Batch2_KIA"/>
  <system-out/>
</testsuite> <!-- testNG2.Batch2_KIA -->
