<?xml version="1.0" encoding="UTF-8"?>
<!-- Generated by org.testng.reporters.JUnitReportReporter -->
<testsuite skipped="0" hostname="LAPTOP-TVJ0FV6G" name="testNG.ThreadPoolSize" tests="3" failures="0" timestamp="2023-03-03T10:12:59 IST" time="13.443" errors="0">
  <testcase name="thread" time="5.027" classname="testNG.ThreadPoolSize"/>
  <system-out/>
  <testcase name="thread" time="4.129" classname="testNG.ThreadPoolSize"/>
  <system-out/>
  <testcase name="thread" time="4.287" classname="testNG.ThreadPoolSize"/>
  <system-out/>
</testsuite> <!-- testNG.ThreadPoolSize -->
