<?xml version="1.0" encoding="UTF-8"?>
<!-- Generated by org.testng.reporters.JUnitReportReporter -->
<testsuite skipped="0" hostname="LAPTOP-TVJ0FV6G" name="testNG.DependsOnMethod" tests="5" failures="0" timestamp="2023-03-08T12:44:06 IST" time="0.016" errors="0">
  <testcase name="bmw" time="0.001" classname="testNG.DependsOnMethod"/>
  <system-out/>
  <testcase name="royalEnfield" time="0.000" classname="testNG.DependsOnMethod"/>
  <system-out/>
  <testcase name="yamaha" time="0.001" classname="testNG.DependsOnMethod"/>
  <system-out/>
  <testcase name="re" time="0.013" classname="testNG.DependsOnMethod"/>
  <system-out/>
  <testcase name="ktm" time="0.001" classname="testNG.DependsOnMethod"/>
  <system-out/>
</testsuite> <!-- testNG.DependsOnMethod -->
