<?xml version="1.0" encoding="UTF-8"?>
<!-- Generated by org.testng.reporters.JUnitReportReporter -->
<testsuite skipped="0" hostname="LAPTOP-TVJ0FV6G" name="testNG2.Batch_exe_Bajaj" tests="1" failures="0" timestamp="2023-12-14T12:07:00 IST" time="6.836" errors="0">
  <testcase name="bajaj" time="6.836" classname="testNG2.Batch_exe_Bajaj"/>
  <system-out/>
</testsuite> <!-- testNG2.Batch_exe_Bajaj -->
