<?xml version="1.0" encoding="UTF-8"?>
<!-- Generated by org.testng.reporters.JUnitReportReporter -->
<testsuite skipped="1" hostname="LAPTOP-TVJ0FV6G" name="testNG.DisableAtTestAnnotatedMethod" tests="3" failures="0" timestamp="2023-03-08T12:48:20 IST" time="0.009" errors="0">
  <testcase name="feb" time="0.008" classname="testNG.DisableAtTestAnnotatedMethod"/>
  <system-out/>
  <testcase name="jan" time="0.001" classname="testNG.DisableAtTestAnnotatedMethod"/>
  <system-out/>
  <testcase name="mar" classname="testNG.DisableAtTestAnnotatedMethod">
    <skipped/>
  </testcase> <!-- mar -->
  <system-out/>
</testsuite> <!-- testNG.DisableAtTestAnnotatedMethod -->
