<?xml version="1.0" encoding="UTF-8"?>
<!-- Generated by org.testng.reporters.JUnitReportReporter -->
<testsuite skipped="0" hostname="LAPTOP-TVJ0FV6G" name="testNG2.Using_helper_attributes" tests="4" failures="0" timestamp="2023-12-13T12:56:32 IST" time="56.875" errors="0">
  <testcase name="re" time="24.709" classname="testNG2.Using_helper_attributes"/>
  <system-out>
Royal Enfield page is displayed  </system-out>
  <testcase name="re" time="27.610" classname="testNG2.Using_helper_attributes"/>
  <system-out>
Royal Enfield page is displayed  </system-out>
  <testcase name="yezdi" time="2.265" classname="testNG2.Using_helper_attributes"/>
  <system-out>
Yezdi page is displayed  </system-out>
  <testcase name="ktm" time="2.291" classname="testNG2.Using_helper_attributes"/>
  <system-out>
KTM page is displayed  </system-out>
</testsuite> <!-- testNG2.Using_helper_attributes -->
