<?xml version="1.0" encoding="UTF-8"?>
<!-- Generated by org.testng.reporters.JUnitReportReporter -->
<testsuite skipped="0" hostname="LAPTOP-TVJ0FV6G" name="testNG.InvocationCount" tests="3" failures="0" timestamp="2023-03-03T10:09:25 IST" time="14.099" errors="0">
  <testcase name="team" time="5.637" classname="testNG.InvocationCount"/>
  <system-out/>
  <testcase name="team" time="4.388" classname="testNG.InvocationCount"/>
  <system-out/>
  <testcase name="team" time="4.074" classname="testNG.InvocationCount"/>
  <system-out/>
</testsuite> <!-- testNG.InvocationCount -->
