<?xml version="1.0" encoding="UTF-8"?>
<!-- Generated by org.testng.reporters.JUnitReportReporter -->
<testsuite skipped="0" hostname="LAPTOP-TVJ0FV6G" name="testNgBatchExecution.RoyalEnfiled" tests="1" failures="0" timestamp="2023-06-29T15:16:36 IST" time="7.117" errors="0">
  <testcase name="enfield" time="7.117" classname="testNgBatchExecution.RoyalEnfiled"/>
  <system-out/>
</testsuite> <!-- testNgBatchExecution.RoyalEnfiled -->
