<?xml version="1.0" encoding="UTF-8"?>
<!-- Generated by org.testng.reporters.JUnitReportReporter -->
<testsuite skipped="0" hostname="LAPTOP-TVJ0FV6G" name="testNgBatchExecutionInMultipleBrowsersInParallel.Tata" tests="2" failures="0" timestamp="2023-06-29T14:58:30 IST" time="30.921" errors="0">
  <testcase name="safari" time="11.063" classname="testNgBatchExecutionInMultipleBrowsersInParallel.Tata"/>
  <system-out/>
  <testcase name="safari" time="19.858" classname="testNgBatchExecutionInMultipleBrowsersInParallel.Tata"/>
  <system-out/>
</testsuite> <!-- testNgBatchExecutionInMultipleBrowsersInParallel.Tata -->
