<?xml version="1.0" encoding="UTF-8"?>
<!-- Generated by org.testng.reporters.JUnitReportReporter -->
<testsuite skipped="0" hostname="LAPTOP-TVJ0FV6G" name="testNgGroupExecution.SuzukiVstrom" tests="1" failures="0" timestamp="2023-06-29T15:09:23 IST" time="18.027" errors="0">
  <testcase name="sx250" time="18.027" classname="testNgGroupExecution.SuzukiVstrom"/>
  <system-out/>
</testsuite> <!-- testNgGroupExecution.SuzukiVstrom -->
