<?xml version="1.0" encoding="UTF-8"?>
<!-- Generated by org.testng.reporters.JUnitReportReporter -->
<testsuite skipped="0" hostname="LAPTOP-TVJ0FV6G" name="testNG2.Batch2_TATA" tests="2" failures="0" timestamp="2024-03-05T11:48:59 IST" time="87.335" errors="0">
  <testcase name="safari" time="42.431" classname="testNG2.Batch2_TATA"/>
  <system-out/>
  <testcase name="safari" time="44.904" classname="testNG2.Batch2_TATA"/>
  <system-out/>
</testsuite> <!-- testNG2.Batch2_TATA -->
