<?xml version="1.0" encoding="UTF-8"?>
<!-- Generated by org.testng.reporters.JUnitReportReporter -->
<testsuite skipped="0" hostname="LAPTOP-TVJ0FV6G" name="testNG2.Batch_exe_RE" tests="1" failures="0" timestamp="2023-12-14T12:10:10 IST" time="59.144" errors="0">
  <testcase name="re" time="59.144" classname="testNG2.Batch_exe_RE"/>
  <system-out/>
</testsuite> <!-- testNG2.Batch_exe_RE -->
