<?xml version="1.0" encoding="UTF-8"?>
<!-- Generated by org.testng.reporters.JUnitReportReporter -->
<testsuite skipped="0" hostname="LAPTOP-TVJ0FV6G" name="testNgGroupExecution.KtmADV390" tests="1" failures="0" timestamp="2023-06-29T15:09:23 IST" time="9.781" errors="0">
  <testcase name="adv390" time="9.781" classname="testNgGroupExecution.KtmADV390"/>
  <system-out/>
</testsuite> <!-- testNgGroupExecution.KtmADV390 -->
